2025-11-10 18:04:45,397 - main - INFO - Starting up application...
2025-11-10 18:04:45,397 - main - INFO - Creating database tables...
2025-11-10 18:04:45,411 - main - INFO - Database tables created successfully
2025-11-10 18:04:49,030 - main - INFO - Shutting down application...
2025-11-10 18:04:49,031 - main - INFO - Closing database connections...
2025-11-10 18:04:49,032 - main - INFO - Application shutdown complete
2025-11-10 18:04:49,295 - main - INFO - Starting up application...
2025-11-10 18:04:49,296 - main - INFO - Creating database tables...
2025-11-10 18:04:49,301 - main - INFO - Database tables created successfully
2025-11-10 18:05:33,793 - main - INFO - Shutting down application...
2025-11-10 18:05:33,793 - main - INFO - Closing database connections...
2025-11-10 18:05:33,793 - main - INFO - Application shutdown complete
2025-11-10 18:05:47,563 - main - INFO - Starting up application...
2025-11-10 18:05:47,563 - main - INFO - Creating database tables...
2025-11-10 18:05:47,574 - main - INFO - Database tables created successfully
2025-11-10 20:41:15,286 - main - INFO - Shutting down application...
2025-11-10 20:41:15,287 - main - INFO - Closing database connections...
2025-11-10 20:41:15,288 - main - INFO - Application shutdown complete
2025-11-10 20:41:29,713 - main - INFO - Starting up application...
2025-11-10 20:41:29,713 - main - INFO - Creating database tables...
2025-11-10 20:41:29,728 - main - INFO - Database tables created successfully
2025-11-10 20:41:58,089 - main - INFO - Shutting down application...
2025-11-10 20:41:58,091 - main - INFO - Closing database connections...
2025-11-10 20:41:58,093 - main - INFO - Application shutdown complete
2025-11-10 20:41:58,599 - main - INFO - Starting up application...
2025-11-10 20:41:58,600 - main - INFO - Creating database tables...
2025-11-10 20:41:58,619 - main - INFO - Database tables created successfully
2025-11-10 20:42:08,242 - main - INFO - Shutting down application...
2025-11-10 20:42:08,243 - main - INFO - Closing database connections...
2025-11-10 20:42:08,244 - main - INFO - Application shutdown complete
2025-11-10 20:42:08,538 - main - INFO - Starting up application...
2025-11-10 20:42:08,538 - main - INFO - Creating database tables...
2025-11-10 20:42:08,545 - main - INFO - Database tables created successfully
2025-11-10 20:42:18,374 - main - INFO - Shutting down application...
2025-11-10 20:42:18,374 - main - INFO - Closing database connections...
2025-11-10 20:42:18,376 - main - INFO - Application shutdown complete
2025-11-10 20:42:18,747 - main - INFO - Starting up application...
2025-11-10 20:42:18,747 - main - INFO - Creating database tables...
2025-11-10 20:42:18,781 - main - INFO - Database tables created successfully
